<?xml version="1.0" encoding="UTF-8"?>
<testsuite xmlns:xsi="http://www.w3.org/2001/XMLSchema-instance" xsi:noNamespaceSchemaLocation="https://maven.apache.org/surefire/maven-surefire-plugin/xsd/surefire-test-report-3.0.xsd" version="3.0" name="org.spring.boot.MySpringBootApplicationTest" time="16.873" tests="1" errors="0" skipped="0" failures="0">
  <properties>
    <property name="java.specification.version" value="23"/>
    <property name="sun.jnu.encoding" value="UTF-8"/>
    <property name="java.class.path" value="/Users/takahashi/git/spring.ksk318.me/target/test-classes:/Users/takahashi/git/spring.ksk318.me/target/classes:/Users/takahashi/.m2/repository/org/springframework/boot/spring-boot-starter-web/3.3.3/spring-boot-starter-web-3.3.3.jar:/Users/takahashi/.m2/repository/org/springframework/boot/spring-boot-starter/3.3.3/spring-boot-starter-3.3.3.jar:/Users/takahashi/.m2/repository/org/springframework/boot/spring-boot/3.3.3/spring-boot-3.3.3.jar:/Users/takahashi/.m2/repository/org/springframework/boot/spring-boot-autoconfigure/3.3.3/spring-boot-autoconfigure-3.3.3.jar:/Users/takahashi/.m2/repository/org/springframework/boot/spring-boot-starter-logging/3.3.3/spring-boot-starter-logging-3.3.3.jar:/Users/takahashi/.m2/repository/ch/qos/logback/logback-classic/1.5.7/logback-classic-1.5.7.jar:/Users/takahashi/.m2/repository/ch/qos/logback/logback-core/1.5.7/logback-core-1.5.7.jar:/Users/takahashi/.m2/repository/org/apache/logging/log4j/log4j-to-slf4j/2.23.1/log4j-to-slf4j-2.23.1.jar:/Users/takahashi/.m2/repository/org/apache/logging/log4j/log4j-api/2.23.1/log4j-api-2.23.1.jar:/Users/takahashi/.m2/repository/org/slf4j/jul-to-slf4j/2.0.16/jul-to-slf4j-2.0.16.jar:/Users/takahashi/.m2/repository/jakarta/annotation/jakarta.annotation-api/2.1.1/jakarta.annotation-api-2.1.1.jar:/Users/takahashi/.m2/repository/org/yaml/snakeyaml/2.2/snakeyaml-2.2.jar:/Users/takahashi/.m2/repository/org/springframework/boot/spring-boot-starter-json/3.3.3/spring-boot-starter-json-3.3.3.jar:/Users/takahashi/.m2/repository/com/fasterxml/jackson/core/jackson-databind/2.17.2/jackson-databind-2.17.2.jar:/Users/takahashi/.m2/repository/com/fasterxml/jackson/core/jackson-annotations/2.17.2/jackson-annotations-2.17.2.jar:/Users/takahashi/.m2/repository/com/fasterxml/jackson/core/jackson-core/2.17.2/jackson-core-2.17.2.jar:/Users/takahashi/.m2/repository/com/fasterxml/jackson/datatype/jackson-datatype-jdk8/2.17.2/jackson-datatype-jdk8-2.17.2.jar:/Users/takahashi/.m2/repository/com/fasterxml/jackson/datatype/jackson-datatype-jsr310/2.17.2/jackson-datatype-jsr310-2.17.2.jar:/Users/takahashi/.m2/repository/com/fasterxml/jackson/module/jackson-module-parameter-names/2.17.2/jackson-module-parameter-names-2.17.2.jar:/Users/takahashi/.m2/repository/org/springframework/spring-web/6.1.12/spring-web-6.1.12.jar:/Users/takahashi/.m2/repository/org/springframework/spring-beans/6.1.12/spring-beans-6.1.12.jar:/Users/takahashi/.m2/repository/org/springframework/spring-webmvc/6.1.12/spring-webmvc-6.1.12.jar:/Users/takahashi/.m2/repository/org/springframework/spring-aop/6.1.12/spring-aop-6.1.12.jar:/Users/takahashi/.m2/repository/org/springframework/spring-context/6.1.12/spring-context-6.1.12.jar:/Users/takahashi/.m2/repository/org/springframework/spring-expression/6.1.12/spring-expression-6.1.12.jar:/Users/takahashi/.m2/repository/org/springframework/boot/spring-boot-starter-undertow/3.3.3/spring-boot-starter-undertow-3.3.3.jar:/Users/takahashi/.m2/repository/io/undertow/undertow-core/2.3.13.Final/undertow-core-2.3.13.Final.jar:/Users/takahashi/.m2/repository/org/jboss/logging/jboss-logging/3.5.3.Final/jboss-logging-3.5.3.Final.jar:/Users/takahashi/.m2/repository/org/jboss/xnio/xnio-api/3.8.8.Final/xnio-api-3.8.8.Final.jar:/Users/takahashi/.m2/repository/org/wildfly/common/wildfly-common/1.5.4.Final/wildfly-common-1.5.4.Final.jar:/Users/takahashi/.m2/repository/org/wildfly/client/wildfly-client-config/1.0.1.Final/wildfly-client-config-1.0.1.Final.jar:/Users/takahashi/.m2/repository/org/jboss/xnio/xnio-nio/3.8.8.Final/xnio-nio-3.8.8.Final.jar:/Users/takahashi/.m2/repository/org/jboss/threads/jboss-threads/3.5.0.Final/jboss-threads-3.5.0.Final.jar:/Users/takahashi/.m2/repository/io/undertow/undertow-servlet/2.3.13.Final/undertow-servlet-2.3.13.Final.jar:/Users/takahashi/.m2/repository/jakarta/servlet/jakarta.servlet-api/6.0.0/jakarta.servlet-api-6.0.0.jar:/Users/takahashi/.m2/repository/io/undertow/undertow-websockets-jsr/2.3.13.Final/undertow-websockets-jsr-2.3.13.Final.jar:/Users/takahashi/.m2/repository/jakarta/websocket/jakarta.websocket-api/2.1.1/jakarta.websocket-api-2.1.1.jar:/Users/takahashi/.m2/repository/jakarta/websocket/jakarta.websocket-client-api/2.1.1/jakarta.websocket-client-api-2.1.1.jar:/Users/takahashi/.m2/repository/org/apache/tomcat/embed/tomcat-embed-el/10.1.28/tomcat-embed-el-10.1.28.jar:/Users/takahashi/.m2/repository/org/springframework/boot/spring-boot-starter-actuator/3.3.3/spring-boot-starter-actuator-3.3.3.jar:/Users/takahashi/.m2/repository/org/springframework/boot/spring-boot-actuator-autoconfigure/3.3.3/spring-boot-actuator-autoconfigure-3.3.3.jar:/Users/takahashi/.m2/repository/org/springframework/boot/spring-boot-actuator/3.3.3/spring-boot-actuator-3.3.3.jar:/Users/takahashi/.m2/repository/io/micrometer/micrometer-observation/1.13.3/micrometer-observation-1.13.3.jar:/Users/takahashi/.m2/repository/io/micrometer/micrometer-commons/1.13.3/micrometer-commons-1.13.3.jar:/Users/takahashi/.m2/repository/io/micrometer/micrometer-jakarta9/1.13.3/micrometer-jakarta9-1.13.3.jar:/Users/takahashi/.m2/repository/io/micrometer/micrometer-core/1.13.3/micrometer-core-1.13.3.jar:/Users/takahashi/.m2/repository/org/hdrhistogram/HdrHistogram/2.2.2/HdrHistogram-2.2.2.jar:/Users/takahashi/.m2/repository/org/latencyutils/LatencyUtils/2.0.3/LatencyUtils-2.0.3.jar:/Users/takahashi/.m2/repository/org/apache/camel/springboot/camel-spring-boot-starter/4.8.0/camel-spring-boot-starter-4.8.0.jar:/Users/takahashi/.m2/repository/org/apache/camel/springboot/camel-spring-boot/4.8.0/camel-spring-boot-4.8.0.jar:/Users/takahashi/.m2/repository/org/apache/camel/camel-spring/4.8.0/camel-spring-4.8.0.jar:/Users/takahashi/.m2/repository/org/apache/camel/camel-management-api/4.8.0/camel-management-api-4.8.0.jar:/Users/takahashi/.m2/repository/org/springframework/spring-tx/6.1.12/spring-tx-6.1.12.jar:/Users/takahashi/.m2/repository/org/apache/camel/camel-spring-main/4.8.0/camel-spring-main-4.8.0.jar:/Users/takahashi/.m2/repository/org/apache/camel/camel-main/4.8.0/camel-main-4.8.0.jar:/Users/takahashi/.m2/repository/org/apache/camel/camel-base/4.8.0/camel-base-4.8.0.jar:/Users/takahashi/.m2/repository/org/apache/camel/camel-util-json/4.8.0/camel-util-json-4.8.0.jar:/Users/takahashi/.m2/repository/org/apache/camel/camel-cloud/4.8.0/camel-cloud-4.8.0.jar:/Users/takahashi/.m2/repository/org/apache/camel/camel-core-model/4.8.0/camel-core-model-4.8.0.jar:/Users/takahashi/.m2/repository/org/apache/camel/camel-core-processor/4.8.0/camel-core-processor-4.8.0.jar:/Users/takahashi/.m2/repository/org/apache/camel/camel-cluster/4.8.0/camel-cluster-4.8.0.jar:/Users/takahashi/.m2/repository/org/apache/camel/camel-base-engine/4.8.0/camel-base-engine-4.8.0.jar:/Users/takahashi/.m2/repository/org/apache/camel/camel-health/4.8.0/camel-health-4.8.0.jar:/Users/takahashi/.m2/repository/org/apache/camel/springboot/camel-core-starter/4.8.0/camel-core-starter-4.8.0.jar:/Users/takahashi/.m2/repository/org/apache/camel/camel-core-engine/4.8.0/camel-core-engine-4.8.0.jar:/Users/takahashi/.m2/repository/org/apache/camel/camel-api/4.8.0/camel-api-4.8.0.jar:/Users/takahashi/.m2/repository/org/apache/camel/camel-core-reifier/4.8.0/camel-core-reifier-4.8.0.jar:/Users/takahashi/.m2/repository/org/apache/camel/camel-util/4.8.0/camel-util-4.8.0.jar:/Users/takahashi/.m2/repository/org/apache/camel/springboot/camel-bean-starter/4.8.0/camel-bean-starter-4.8.0.jar:/Users/takahashi/.m2/repository/org/apache/camel/camel-bean/4.8.0/camel-bean-4.8.0.jar:/Users/takahashi/.m2/repository/org/apache/camel/springboot/camel-browse-starter/4.8.0/camel-browse-starter-4.8.0.jar:/Users/takahashi/.m2/repository/org/apache/camel/camel-browse/4.8.0/camel-browse-4.8.0.jar:/Users/takahashi/.m2/repository/org/apache/camel/springboot/camel-controlbus-starter/4.8.0/camel-controlbus-starter-4.8.0.jar:/Users/takahashi/.m2/repository/org/apache/camel/camel-controlbus/4.8.0/camel-controlbus-4.8.0.jar:/Users/takahashi/.m2/repository/org/apache/camel/springboot/camel-dataformat-starter/4.8.0/camel-dataformat-starter-4.8.0.jar:/Users/takahashi/.m2/repository/org/apache/camel/camel-dataformat/4.8.0/camel-dataformat-4.8.0.jar:/Users/takahashi/.m2/repository/org/apache/camel/springboot/camel-dataset-starter/4.8.0/camel-dataset-starter-4.8.0.jar:/Users/takahashi/.m2/repository/org/apache/camel/camel-dataset/4.8.0/camel-dataset-4.8.0.jar:/Users/takahashi/.m2/repository/org/apache/camel/springboot/camel-direct-starter/4.8.0/camel-direct-starter-4.8.0.jar:/Users/takahashi/.m2/repository/org/apache/camel/camel-direct/4.8.0/camel-direct-4.8.0.jar:/Users/takahashi/.m2/repository/org/apache/camel/springboot/camel-file-starter/4.8.0/camel-file-starter-4.8.0.jar:/Users/takahashi/.m2/repository/org/apache/camel/camel-file/4.8.0/camel-file-4.8.0.jar:/Users/takahashi/.m2/repository/commons-codec/commons-codec/1.16.1/commons-codec-1.16.1.jar:/Users/takahashi/.m2/repository/org/apache/camel/springboot/camel-language-starter/4.8.0/camel-language-starter-4.8.0.jar:/Users/takahashi/.m2/repository/org/apache/camel/camel-language/4.8.0/camel-language-4.8.0.jar:/Users/takahashi/.m2/repository/org/apache/camel/springboot/camel-log-starter/4.8.0/camel-log-starter-4.8.0.jar:/Users/takahashi/.m2/repository/org/apache/camel/camel-log/4.8.0/camel-log-4.8.0.jar:/Users/takahashi/.m2/repository/org/apache/camel/springboot/camel-mock-starter/4.8.0/camel-mock-starter-4.8.0.jar:/Users/takahashi/.m2/repository/org/apache/camel/camel-mock/4.8.0/camel-mock-4.8.0.jar:/Users/takahashi/.m2/repository/org/apache/camel/springboot/camel-ref-starter/4.8.0/camel-ref-starter-4.8.0.jar:/Users/takahashi/.m2/repository/org/apache/camel/camel-ref/4.8.0/camel-ref-4.8.0.jar:/Users/takahashi/.m2/repository/org/apache/camel/springboot/camel-rest-starter/4.8.0/camel-rest-starter-4.8.0.jar:/Users/takahashi/.m2/repository/org/apache/camel/camel-rest/4.8.0/camel-rest-4.8.0.jar:/Users/takahashi/.m2/repository/org/apache/camel/camel-tooling-model/4.8.0/camel-tooling-model-4.8.0.jar:/Users/takahashi/.m2/repository/org/apache/camel/springboot/camel-saga-starter/4.8.0/camel-saga-starter-4.8.0.jar:/Users/takahashi/.m2/repository/org/apache/camel/camel-saga/4.8.0/camel-saga-4.8.0.jar:/Users/takahashi/.m2/repository/org/apache/camel/springboot/camel-scheduler-starter/4.8.0/camel-scheduler-starter-4.8.0.jar:/Users/takahashi/.m2/repository/org/apache/camel/camel-scheduler/4.8.0/camel-scheduler-4.8.0.jar:/Users/takahashi/.m2/repository/org/apache/camel/springboot/camel-seda-starter/4.8.0/camel-seda-starter-4.8.0.jar:/Users/takahashi/.m2/repository/org/apache/camel/camel-seda/4.8.0/camel-seda-4.8.0.jar:/Users/takahashi/.m2/repository/org/apache/camel/springboot/camel-stub-starter/4.8.0/camel-stub-starter-4.8.0.jar:/Users/takahashi/.m2/repository/org/apache/camel/camel-stub/4.8.0/camel-stub-4.8.0.jar:/Users/takahashi/.m2/repository/org/apache/camel/springboot/camel-timer-starter/4.8.0/camel-timer-starter-4.8.0.jar:/Users/takahashi/.m2/repository/org/apache/camel/camel-timer/4.8.0/camel-timer-4.8.0.jar:/Users/takahashi/.m2/repository/org/apache/camel/springboot/camel-validator-starter/4.8.0/camel-validator-starter-4.8.0.jar:/Users/takahashi/.m2/repository/org/apache/camel/camel-validator/4.8.0/camel-validator-4.8.0.jar:/Users/takahashi/.m2/repository/org/apache/camel/springboot/camel-xpath-starter/4.8.0/camel-xpath-starter-4.8.0.jar:/Users/takahashi/.m2/repository/org/apache/camel/camel-xpath/4.8.0/camel-xpath-4.8.0.jar:/Users/takahashi/.m2/repository/org/apache/camel/springboot/camel-xslt-starter/4.8.0/camel-xslt-starter-4.8.0.jar:/Users/takahashi/.m2/repository/org/apache/camel/camel-xslt/4.8.0/camel-xslt-4.8.0.jar:/Users/takahashi/.m2/repository/org/apache/camel/springboot/camel-xml-jaxp-starter/4.8.0/camel-xml-jaxp-starter-4.8.0.jar:/Users/takahashi/.m2/repository/org/apache/camel/camel-xml-jaxp/4.8.0/camel-xml-jaxp-4.8.0.jar:/Users/takahashi/.m2/repository/org/apache/camel/camel-xml-jaxp-util/4.8.0/camel-xml-jaxp-util-4.8.0.jar:/Users/takahashi/.m2/repository/org/apache/camel/camel-xml-io-util/4.8.0/camel-xml-io-util-4.8.0.jar:/Users/takahashi/.m2/repository/org/apache/camel/springboot/camel-stream-starter/4.8.0/camel-stream-starter-4.8.0.jar:/Users/takahashi/.m2/repository/org/apache/camel/camel-stream/4.8.0/camel-stream-4.8.0.jar:/Users/takahashi/.m2/repository/org/apache/camel/camel-support/4.8.0/camel-support-4.8.0.jar:/Users/takahashi/.m2/repository/org/springframework/boot/spring-boot-starter-test/3.3.3/spring-boot-starter-test-3.3.3.jar:/Users/takahashi/.m2/repository/org/springframework/boot/spring-boot-test/3.3.3/spring-boot-test-3.3.3.jar:/Users/takahashi/.m2/repository/org/springframework/boot/spring-boot-test-autoconfigure/3.3.3/spring-boot-test-autoconfigure-3.3.3.jar:/Users/takahashi/.m2/repository/com/jayway/jsonpath/json-path/2.9.0/json-path-2.9.0.jar:/Users/takahashi/.m2/repository/org/slf4j/slf4j-api/2.0.16/slf4j-api-2.0.16.jar:/Users/takahashi/.m2/repository/jakarta/xml/bind/jakarta.xml.bind-api/4.0.2/jakarta.xml.bind-api-4.0.2.jar:/Users/takahashi/.m2/repository/jakarta/activation/jakarta.activation-api/2.1.3/jakarta.activation-api-2.1.3.jar:/Users/takahashi/.m2/repository/net/minidev/json-smart/2.5.1/json-smart-2.5.1.jar:/Users/takahashi/.m2/repository/net/minidev/accessors-smart/2.5.1/accessors-smart-2.5.1.jar:/Users/takahashi/.m2/repository/org/ow2/asm/asm/9.6/asm-9.6.jar:/Users/takahashi/.m2/repository/org/assertj/assertj-core/3.25.3/assertj-core-3.25.3.jar:/Users/takahashi/.m2/repository/net/bytebuddy/byte-buddy/1.14.19/byte-buddy-1.14.19.jar:/Users/takahashi/.m2/repository/org/awaitility/awaitility/4.2.2/awaitility-4.2.2.jar:/Users/takahashi/.m2/repository/org/hamcrest/hamcrest/2.2/hamcrest-2.2.jar:/Users/takahashi/.m2/repository/org/junit/jupiter/junit-jupiter/5.10.3/junit-jupiter-5.10.3.jar:/Users/takahashi/.m2/repository/org/junit/jupiter/junit-jupiter-api/5.10.3/junit-jupiter-api-5.10.3.jar:/Users/takahashi/.m2/repository/org/opentest4j/opentest4j/1.3.0/opentest4j-1.3.0.jar:/Users/takahashi/.m2/repository/org/junit/platform/junit-platform-commons/1.10.3/junit-platform-commons-1.10.3.jar:/Users/takahashi/.m2/repository/org/apiguardian/apiguardian-api/1.1.2/apiguardian-api-1.1.2.jar:/Users/takahashi/.m2/repository/org/junit/jupiter/junit-jupiter-params/5.10.3/junit-jupiter-params-5.10.3.jar:/Users/takahashi/.m2/repository/org/junit/jupiter/junit-jupiter-engine/5.10.3/junit-jupiter-engine-5.10.3.jar:/Users/takahashi/.m2/repository/org/junit/platform/junit-platform-engine/1.10.3/junit-platform-engine-1.10.3.jar:/Users/takahashi/.m2/repository/org/mockito/mockito-core/5.11.0/mockito-core-5.11.0.jar:/Users/takahashi/.m2/repository/net/bytebuddy/byte-buddy-agent/1.14.19/byte-buddy-agent-1.14.19.jar:/Users/takahashi/.m2/repository/org/objenesis/objenesis/3.3/objenesis-3.3.jar:/Users/takahashi/.m2/repository/org/mockito/mockito-junit-jupiter/5.11.0/mockito-junit-jupiter-5.11.0.jar:/Users/takahashi/.m2/repository/org/skyscreamer/jsonassert/1.5.3/jsonassert-1.5.3.jar:/Users/takahashi/.m2/repository/com/vaadin/external/google/android-json/0.0.20131108.vaadin1/android-json-0.0.20131108.vaadin1.jar:/Users/takahashi/.m2/repository/org/springframework/spring-core/6.1.12/spring-core-6.1.12.jar:/Users/takahashi/.m2/repository/org/springframework/spring-jcl/6.1.12/spring-jcl-6.1.12.jar:/Users/takahashi/.m2/repository/org/springframework/spring-test/6.1.12/spring-test-6.1.12.jar:/Users/takahashi/.m2/repository/org/xmlunit/xmlunit-core/2.9.1/xmlunit-core-2.9.1.jar:/Users/takahashi/.m2/repository/org/apache/camel/camel-test-spring-junit5/4.8.0/camel-test-spring-junit5-4.8.0.jar:/Users/takahashi/.m2/repository/org/apache/camel/camel-test-junit5/4.8.0/camel-test-junit5-4.8.0.jar:/Users/takahashi/.m2/repository/org/apache/camel/camel-core-languages/4.8.0/camel-core-languages-4.8.0.jar:/Users/takahashi/.m2/repository/org/apache/camel/camel-spring-xml/4.8.0/camel-spring-xml-4.8.0.jar:/Users/takahashi/.m2/repository/org/apache/camel/camel-xml-jaxb/4.8.0/camel-xml-jaxb-4.8.0.jar:/Users/takahashi/.m2/repository/org/glassfish/jaxb/jaxb-runtime/4.0.5/jaxb-runtime-4.0.5.jar:/Users/takahashi/.m2/repository/org/glassfish/jaxb/jaxb-core/4.0.5/jaxb-core-4.0.5.jar:/Users/takahashi/.m2/repository/org/eclipse/angus/angus-activation/2.0.2/angus-activation-2.0.2.jar:/Users/takahashi/.m2/repository/org/glassfish/jaxb/txw2/4.0.5/txw2-4.0.5.jar:/Users/takahashi/.m2/repository/com/sun/istack/istack-commons-runtime/4.1.2/istack-commons-runtime-4.1.2.jar:/Users/takahashi/.m2/repository/org/apache/camel/camel-core-xml/4.8.0/camel-core-xml-4.8.0.jar:"/>
    <property name="java.vm.vendor" value="Homebrew"/>
    <property name="sun.arch.data.model" value="64"/>
    <property name="java.vendor.url" value="https://github.com/Homebrew/homebrew-core/issues"/>
    <property name="user.timezone" value="Asia/Tokyo"/>
    <property name="org.jboss.logging.provider" value="slf4j"/>
    <property name="os.name" value="Mac OS X"/>
    <property name="java.vm.specification.version" value="23"/>
    <property name="sun.java.launcher" value="SUN_STANDARD"/>
    <property name="user.country" value="JP"/>
    <property name="sun.boot.library.path" value="/usr/local/Cellar/openjdk/23/libexec/openjdk.jdk/Contents/Home/lib"/>
    <property name="sun.java.command" value="/Users/takahashi/git/spring.ksk318.me/target/surefire/surefirebooter7070244398656779211.jar /Users/takahashi/git/spring.ksk318.me/target/surefire 2024-10-07T17-28-02_152-jvmRun1 surefire55930586225535231tmp surefire_09081312671348812318tmp"/>
    <property name="http.nonProxyHosts" value="local|*.local|169.254/16|*.169.254/16"/>
    <property name="jdk.debug" value="release"/>
    <property name="surefire.test.class.path" value="/Users/takahashi/git/spring.ksk318.me/target/test-classes:/Users/takahashi/git/spring.ksk318.me/target/classes:/Users/takahashi/.m2/repository/org/springframework/boot/spring-boot-starter-web/3.3.3/spring-boot-starter-web-3.3.3.jar:/Users/takahashi/.m2/repository/org/springframework/boot/spring-boot-starter/3.3.3/spring-boot-starter-3.3.3.jar:/Users/takahashi/.m2/repository/org/springframework/boot/spring-boot/3.3.3/spring-boot-3.3.3.jar:/Users/takahashi/.m2/repository/org/springframework/boot/spring-boot-autoconfigure/3.3.3/spring-boot-autoconfigure-3.3.3.jar:/Users/takahashi/.m2/repository/org/springframework/boot/spring-boot-starter-logging/3.3.3/spring-boot-starter-logging-3.3.3.jar:/Users/takahashi/.m2/repository/ch/qos/logback/logback-classic/1.5.7/logback-classic-1.5.7.jar:/Users/takahashi/.m2/repository/ch/qos/logback/logback-core/1.5.7/logback-core-1.5.7.jar:/Users/takahashi/.m2/repository/org/apache/logging/log4j/log4j-to-slf4j/2.23.1/log4j-to-slf4j-2.23.1.jar:/Users/takahashi/.m2/repository/org/apache/logging/log4j/log4j-api/2.23.1/log4j-api-2.23.1.jar:/Users/takahashi/.m2/repository/org/slf4j/jul-to-slf4j/2.0.16/jul-to-slf4j-2.0.16.jar:/Users/takahashi/.m2/repository/jakarta/annotation/jakarta.annotation-api/2.1.1/jakarta.annotation-api-2.1.1.jar:/Users/takahashi/.m2/repository/org/yaml/snakeyaml/2.2/snakeyaml-2.2.jar:/Users/takahashi/.m2/repository/org/springframework/boot/spring-boot-starter-json/3.3.3/spring-boot-starter-json-3.3.3.jar:/Users/takahashi/.m2/repository/com/fasterxml/jackson/core/jackson-databind/2.17.2/jackson-databind-2.17.2.jar:/Users/takahashi/.m2/repository/com/fasterxml/jackson/core/jackson-annotations/2.17.2/jackson-annotations-2.17.2.jar:/Users/takahashi/.m2/repository/com/fasterxml/jackson/core/jackson-core/2.17.2/jackson-core-2.17.2.jar:/Users/takahashi/.m2/repository/com/fasterxml/jackson/datatype/jackson-datatype-jdk8/2.17.2/jackson-datatype-jdk8-2.17.2.jar:/Users/takahashi/.m2/repository/com/fasterxml/jackson/datatype/jackson-datatype-jsr310/2.17.2/jackson-datatype-jsr310-2.17.2.jar:/Users/takahashi/.m2/repository/com/fasterxml/jackson/module/jackson-module-parameter-names/2.17.2/jackson-module-parameter-names-2.17.2.jar:/Users/takahashi/.m2/repository/org/springframework/spring-web/6.1.12/spring-web-6.1.12.jar:/Users/takahashi/.m2/repository/org/springframework/spring-beans/6.1.12/spring-beans-6.1.12.jar:/Users/takahashi/.m2/repository/org/springframework/spring-webmvc/6.1.12/spring-webmvc-6.1.12.jar:/Users/takahashi/.m2/repository/org/springframework/spring-aop/6.1.12/spring-aop-6.1.12.jar:/Users/takahashi/.m2/repository/org/springframework/spring-context/6.1.12/spring-context-6.1.12.jar:/Users/takahashi/.m2/repository/org/springframework/spring-expression/6.1.12/spring-expression-6.1.12.jar:/Users/takahashi/.m2/repository/org/springframework/boot/spring-boot-starter-undertow/3.3.3/spring-boot-starter-undertow-3.3.3.jar:/Users/takahashi/.m2/repository/io/undertow/undertow-core/2.3.13.Final/undertow-core-2.3.13.Final.jar:/Users/takahashi/.m2/repository/org/jboss/logging/jboss-logging/3.5.3.Final/jboss-logging-3.5.3.Final.jar:/Users/takahashi/.m2/repository/org/jboss/xnio/xnio-api/3.8.8.Final/xnio-api-3.8.8.Final.jar:/Users/takahashi/.m2/repository/org/wildfly/common/wildfly-common/1.5.4.Final/wildfly-common-1.5.4.Final.jar:/Users/takahashi/.m2/repository/org/wildfly/client/wildfly-client-config/1.0.1.Final/wildfly-client-config-1.0.1.Final.jar:/Users/takahashi/.m2/repository/org/jboss/xnio/xnio-nio/3.8.8.Final/xnio-nio-3.8.8.Final.jar:/Users/takahashi/.m2/repository/org/jboss/threads/jboss-threads/3.5.0.Final/jboss-threads-3.5.0.Final.jar:/Users/takahashi/.m2/repository/io/undertow/undertow-servlet/2.3.13.Final/undertow-servlet-2.3.13.Final.jar:/Users/takahashi/.m2/repository/jakarta/servlet/jakarta.servlet-api/6.0.0/jakarta.servlet-api-6.0.0.jar:/Users/takahashi/.m2/repository/io/undertow/undertow-websockets-jsr/2.3.13.Final/undertow-websockets-jsr-2.3.13.Final.jar:/Users/takahashi/.m2/repository/jakarta/websocket/jakarta.websocket-api/2.1.1/jakarta.websocket-api-2.1.1.jar:/Users/takahashi/.m2/repository/jakarta/websocket/jakarta.websocket-client-api/2.1.1/jakarta.websocket-client-api-2.1.1.jar:/Users/takahashi/.m2/repository/org/apache/tomcat/embed/tomcat-embed-el/10.1.28/tomcat-embed-el-10.1.28.jar:/Users/takahashi/.m2/repository/org/springframework/boot/spring-boot-starter-actuator/3.3.3/spring-boot-starter-actuator-3.3.3.jar:/Users/takahashi/.m2/repository/org/springframework/boot/spring-boot-actuator-autoconfigure/3.3.3/spring-boot-actuator-autoconfigure-3.3.3.jar:/Users/takahashi/.m2/repository/org/springframework/boot/spring-boot-actuator/3.3.3/spring-boot-actuator-3.3.3.jar:/Users/takahashi/.m2/repository/io/micrometer/micrometer-observation/1.13.3/micrometer-observation-1.13.3.jar:/Users/takahashi/.m2/repository/io/micrometer/micrometer-commons/1.13.3/micrometer-commons-1.13.3.jar:/Users/takahashi/.m2/repository/io/micrometer/micrometer-jakarta9/1.13.3/micrometer-jakarta9-1.13.3.jar:/Users/takahashi/.m2/repository/io/micrometer/micrometer-core/1.13.3/micrometer-core-1.13.3.jar:/Users/takahashi/.m2/repository/org/hdrhistogram/HdrHistogram/2.2.2/HdrHistogram-2.2.2.jar:/Users/takahashi/.m2/repository/org/latencyutils/LatencyUtils/2.0.3/LatencyUtils-2.0.3.jar:/Users/takahashi/.m2/repository/org/apache/camel/springboot/camel-spring-boot-starter/4.8.0/camel-spring-boot-starter-4.8.0.jar:/Users/takahashi/.m2/repository/org/apache/camel/springboot/camel-spring-boot/4.8.0/camel-spring-boot-4.8.0.jar:/Users/takahashi/.m2/repository/org/apache/camel/camel-spring/4.8.0/camel-spring-4.8.0.jar:/Users/takahashi/.m2/repository/org/apache/camel/camel-management-api/4.8.0/camel-management-api-4.8.0.jar:/Users/takahashi/.m2/repository/org/springframework/spring-tx/6.1.12/spring-tx-6.1.12.jar:/Users/takahashi/.m2/repository/org/apache/camel/camel-spring-main/4.8.0/camel-spring-main-4.8.0.jar:/Users/takahashi/.m2/repository/org/apache/camel/camel-main/4.8.0/camel-main-4.8.0.jar:/Users/takahashi/.m2/repository/org/apache/camel/camel-base/4.8.0/camel-base-4.8.0.jar:/Users/takahashi/.m2/repository/org/apache/camel/camel-util-json/4.8.0/camel-util-json-4.8.0.jar:/Users/takahashi/.m2/repository/org/apache/camel/camel-cloud/4.8.0/camel-cloud-4.8.0.jar:/Users/takahashi/.m2/repository/org/apache/camel/camel-core-model/4.8.0/camel-core-model-4.8.0.jar:/Users/takahashi/.m2/repository/org/apache/camel/camel-core-processor/4.8.0/camel-core-processor-4.8.0.jar:/Users/takahashi/.m2/repository/org/apache/camel/camel-cluster/4.8.0/camel-cluster-4.8.0.jar:/Users/takahashi/.m2/repository/org/apache/camel/camel-base-engine/4.8.0/camel-base-engine-4.8.0.jar:/Users/takahashi/.m2/repository/org/apache/camel/camel-health/4.8.0/camel-health-4.8.0.jar:/Users/takahashi/.m2/repository/org/apache/camel/springboot/camel-core-starter/4.8.0/camel-core-starter-4.8.0.jar:/Users/takahashi/.m2/repository/org/apache/camel/camel-core-engine/4.8.0/camel-core-engine-4.8.0.jar:/Users/takahashi/.m2/repository/org/apache/camel/camel-api/4.8.0/camel-api-4.8.0.jar:/Users/takahashi/.m2/repository/org/apache/camel/camel-core-reifier/4.8.0/camel-core-reifier-4.8.0.jar:/Users/takahashi/.m2/repository/org/apache/camel/camel-util/4.8.0/camel-util-4.8.0.jar:/Users/takahashi/.m2/repository/org/apache/camel/springboot/camel-bean-starter/4.8.0/camel-bean-starter-4.8.0.jar:/Users/takahashi/.m2/repository/org/apache/camel/camel-bean/4.8.0/camel-bean-4.8.0.jar:/Users/takahashi/.m2/repository/org/apache/camel/springboot/camel-browse-starter/4.8.0/camel-browse-starter-4.8.0.jar:/Users/takahashi/.m2/repository/org/apache/camel/camel-browse/4.8.0/camel-browse-4.8.0.jar:/Users/takahashi/.m2/repository/org/apache/camel/springboot/camel-controlbus-starter/4.8.0/camel-controlbus-starter-4.8.0.jar:/Users/takahashi/.m2/repository/org/apache/camel/camel-controlbus/4.8.0/camel-controlbus-4.8.0.jar:/Users/takahashi/.m2/repository/org/apache/camel/springboot/camel-dataformat-starter/4.8.0/camel-dataformat-starter-4.8.0.jar:/Users/takahashi/.m2/repository/org/apache/camel/camel-dataformat/4.8.0/camel-dataformat-4.8.0.jar:/Users/takahashi/.m2/repository/org/apache/camel/springboot/camel-dataset-starter/4.8.0/camel-dataset-starter-4.8.0.jar:/Users/takahashi/.m2/repository/org/apache/camel/camel-dataset/4.8.0/camel-dataset-4.8.0.jar:/Users/takahashi/.m2/repository/org/apache/camel/springboot/camel-direct-starter/4.8.0/camel-direct-starter-4.8.0.jar:/Users/takahashi/.m2/repository/org/apache/camel/camel-direct/4.8.0/camel-direct-4.8.0.jar:/Users/takahashi/.m2/repository/org/apache/camel/springboot/camel-file-starter/4.8.0/camel-file-starter-4.8.0.jar:/Users/takahashi/.m2/repository/org/apache/camel/camel-file/4.8.0/camel-file-4.8.0.jar:/Users/takahashi/.m2/repository/commons-codec/commons-codec/1.16.1/commons-codec-1.16.1.jar:/Users/takahashi/.m2/repository/org/apache/camel/springboot/camel-language-starter/4.8.0/camel-language-starter-4.8.0.jar:/Users/takahashi/.m2/repository/org/apache/camel/camel-language/4.8.0/camel-language-4.8.0.jar:/Users/takahashi/.m2/repository/org/apache/camel/springboot/camel-log-starter/4.8.0/camel-log-starter-4.8.0.jar:/Users/takahashi/.m2/repository/org/apache/camel/camel-log/4.8.0/camel-log-4.8.0.jar:/Users/takahashi/.m2/repository/org/apache/camel/springboot/camel-mock-starter/4.8.0/camel-mock-starter-4.8.0.jar:/Users/takahashi/.m2/repository/org/apache/camel/camel-mock/4.8.0/camel-mock-4.8.0.jar:/Users/takahashi/.m2/repository/org/apache/camel/springboot/camel-ref-starter/4.8.0/camel-ref-starter-4.8.0.jar:/Users/takahashi/.m2/repository/org/apache/camel/camel-ref/4.8.0/camel-ref-4.8.0.jar:/Users/takahashi/.m2/repository/org/apache/camel/springboot/camel-rest-starter/4.8.0/camel-rest-starter-4.8.0.jar:/Users/takahashi/.m2/repository/org/apache/camel/camel-rest/4.8.0/camel-rest-4.8.0.jar:/Users/takahashi/.m2/repository/org/apache/camel/camel-tooling-model/4.8.0/camel-tooling-model-4.8.0.jar:/Users/takahashi/.m2/repository/org/apache/camel/springboot/camel-saga-starter/4.8.0/camel-saga-starter-4.8.0.jar:/Users/takahashi/.m2/repository/org/apache/camel/camel-saga/4.8.0/camel-saga-4.8.0.jar:/Users/takahashi/.m2/repository/org/apache/camel/springboot/camel-scheduler-starter/4.8.0/camel-scheduler-starter-4.8.0.jar:/Users/takahashi/.m2/repository/org/apache/camel/camel-scheduler/4.8.0/camel-scheduler-4.8.0.jar:/Users/takahashi/.m2/repository/org/apache/camel/springboot/camel-seda-starter/4.8.0/camel-seda-starter-4.8.0.jar:/Users/takahashi/.m2/repository/org/apache/camel/camel-seda/4.8.0/camel-seda-4.8.0.jar:/Users/takahashi/.m2/repository/org/apache/camel/springboot/camel-stub-starter/4.8.0/camel-stub-starter-4.8.0.jar:/Users/takahashi/.m2/repository/org/apache/camel/camel-stub/4.8.0/camel-stub-4.8.0.jar:/Users/takahashi/.m2/repository/org/apache/camel/springboot/camel-timer-starter/4.8.0/camel-timer-starter-4.8.0.jar:/Users/takahashi/.m2/repository/org/apache/camel/camel-timer/4.8.0/camel-timer-4.8.0.jar:/Users/takahashi/.m2/repository/org/apache/camel/springboot/camel-validator-starter/4.8.0/camel-validator-starter-4.8.0.jar:/Users/takahashi/.m2/repository/org/apache/camel/camel-validator/4.8.0/camel-validator-4.8.0.jar:/Users/takahashi/.m2/repository/org/apache/camel/springboot/camel-xpath-starter/4.8.0/camel-xpath-starter-4.8.0.jar:/Users/takahashi/.m2/repository/org/apache/camel/camel-xpath/4.8.0/camel-xpath-4.8.0.jar:/Users/takahashi/.m2/repository/org/apache/camel/springboot/camel-xslt-starter/4.8.0/camel-xslt-starter-4.8.0.jar:/Users/takahashi/.m2/repository/org/apache/camel/camel-xslt/4.8.0/camel-xslt-4.8.0.jar:/Users/takahashi/.m2/repository/org/apache/camel/springboot/camel-xml-jaxp-starter/4.8.0/camel-xml-jaxp-starter-4.8.0.jar:/Users/takahashi/.m2/repository/org/apache/camel/camel-xml-jaxp/4.8.0/camel-xml-jaxp-4.8.0.jar:/Users/takahashi/.m2/repository/org/apache/camel/camel-xml-jaxp-util/4.8.0/camel-xml-jaxp-util-4.8.0.jar:/Users/takahashi/.m2/repository/org/apache/camel/camel-xml-io-util/4.8.0/camel-xml-io-util-4.8.0.jar:/Users/takahashi/.m2/repository/org/apache/camel/springboot/camel-stream-starter/4.8.0/camel-stream-starter-4.8.0.jar:/Users/takahashi/.m2/repository/org/apache/camel/camel-stream/4.8.0/camel-stream-4.8.0.jar:/Users/takahashi/.m2/repository/org/apache/camel/camel-support/4.8.0/camel-support-4.8.0.jar:/Users/takahashi/.m2/repository/org/springframework/boot/spring-boot-starter-test/3.3.3/spring-boot-starter-test-3.3.3.jar:/Users/takahashi/.m2/repository/org/springframework/boot/spring-boot-test/3.3.3/spring-boot-test-3.3.3.jar:/Users/takahashi/.m2/repository/org/springframework/boot/spring-boot-test-autoconfigure/3.3.3/spring-boot-test-autoconfigure-3.3.3.jar:/Users/takahashi/.m2/repository/com/jayway/jsonpath/json-path/2.9.0/json-path-2.9.0.jar:/Users/takahashi/.m2/repository/org/slf4j/slf4j-api/2.0.16/slf4j-api-2.0.16.jar:/Users/takahashi/.m2/repository/jakarta/xml/bind/jakarta.xml.bind-api/4.0.2/jakarta.xml.bind-api-4.0.2.jar:/Users/takahashi/.m2/repository/jakarta/activation/jakarta.activation-api/2.1.3/jakarta.activation-api-2.1.3.jar:/Users/takahashi/.m2/repository/net/minidev/json-smart/2.5.1/json-smart-2.5.1.jar:/Users/takahashi/.m2/repository/net/minidev/accessors-smart/2.5.1/accessors-smart-2.5.1.jar:/Users/takahashi/.m2/repository/org/ow2/asm/asm/9.6/asm-9.6.jar:/Users/takahashi/.m2/repository/org/assertj/assertj-core/3.25.3/assertj-core-3.25.3.jar:/Users/takahashi/.m2/repository/net/bytebuddy/byte-buddy/1.14.19/byte-buddy-1.14.19.jar:/Users/takahashi/.m2/repository/org/awaitility/awaitility/4.2.2/awaitility-4.2.2.jar:/Users/takahashi/.m2/repository/org/hamcrest/hamcrest/2.2/hamcrest-2.2.jar:/Users/takahashi/.m2/repository/org/junit/jupiter/junit-jupiter/5.10.3/junit-jupiter-5.10.3.jar:/Users/takahashi/.m2/repository/org/junit/jupiter/junit-jupiter-api/5.10.3/junit-jupiter-api-5.10.3.jar:/Users/takahashi/.m2/repository/org/opentest4j/opentest4j/1.3.0/opentest4j-1.3.0.jar:/Users/takahashi/.m2/repository/org/junit/platform/junit-platform-commons/1.10.3/junit-platform-commons-1.10.3.jar:/Users/takahashi/.m2/repository/org/apiguardian/apiguardian-api/1.1.2/apiguardian-api-1.1.2.jar:/Users/takahashi/.m2/repository/org/junit/jupiter/junit-jupiter-params/5.10.3/junit-jupiter-params-5.10.3.jar:/Users/takahashi/.m2/repository/org/junit/jupiter/junit-jupiter-engine/5.10.3/junit-jupiter-engine-5.10.3.jar:/Users/takahashi/.m2/repository/org/junit/platform/junit-platform-engine/1.10.3/junit-platform-engine-1.10.3.jar:/Users/takahashi/.m2/repository/org/mockito/mockito-core/5.11.0/mockito-core-5.11.0.jar:/Users/takahashi/.m2/repository/net/bytebuddy/byte-buddy-agent/1.14.19/byte-buddy-agent-1.14.19.jar:/Users/takahashi/.m2/repository/org/objenesis/objenesis/3.3/objenesis-3.3.jar:/Users/takahashi/.m2/repository/org/mockito/mockito-junit-jupiter/5.11.0/mockito-junit-jupiter-5.11.0.jar:/Users/takahashi/.m2/repository/org/skyscreamer/jsonassert/1.5.3/jsonassert-1.5.3.jar:/Users/takahashi/.m2/repository/com/vaadin/external/google/android-json/0.0.20131108.vaadin1/android-json-0.0.20131108.vaadin1.jar:/Users/takahashi/.m2/repository/org/springframework/spring-core/6.1.12/spring-core-6.1.12.jar:/Users/takahashi/.m2/repository/org/springframework/spring-jcl/6.1.12/spring-jcl-6.1.12.jar:/Users/takahashi/.m2/repository/org/springframework/spring-test/6.1.12/spring-test-6.1.12.jar:/Users/takahashi/.m2/repository/org/xmlunit/xmlunit-core/2.9.1/xmlunit-core-2.9.1.jar:/Users/takahashi/.m2/repository/org/apache/camel/camel-test-spring-junit5/4.8.0/camel-test-spring-junit5-4.8.0.jar:/Users/takahashi/.m2/repository/org/apache/camel/camel-test-junit5/4.8.0/camel-test-junit5-4.8.0.jar:/Users/takahashi/.m2/repository/org/apache/camel/camel-core-languages/4.8.0/camel-core-languages-4.8.0.jar:/Users/takahashi/.m2/repository/org/apache/camel/camel-spring-xml/4.8.0/camel-spring-xml-4.8.0.jar:/Users/takahashi/.m2/repository/org/apache/camel/camel-xml-jaxb/4.8.0/camel-xml-jaxb-4.8.0.jar:/Users/takahashi/.m2/repository/org/glassfish/jaxb/jaxb-runtime/4.0.5/jaxb-runtime-4.0.5.jar:/Users/takahashi/.m2/repository/org/glassfish/jaxb/jaxb-core/4.0.5/jaxb-core-4.0.5.jar:/Users/takahashi/.m2/repository/org/eclipse/angus/angus-activation/2.0.2/angus-activation-2.0.2.jar:/Users/takahashi/.m2/repository/org/glassfish/jaxb/txw2/4.0.5/txw2-4.0.5.jar:/Users/takahashi/.m2/repository/com/sun/istack/istack-commons-runtime/4.1.2/istack-commons-runtime-4.1.2.jar:/Users/takahashi/.m2/repository/org/apache/camel/camel-core-xml/4.8.0/camel-core-xml-4.8.0.jar:"/>
    <property name="sun.cpu.endian" value="little"/>
    <property name="user.home" value="/Users/takahashi"/>
    <property name="user.language" value="ja"/>
    <property name="java.specification.vendor" value="Oracle Corporation"/>
    <property name="java.version.date" value="2024-09-17"/>
    <property name="java.home" value="/usr/local/Cellar/openjdk/23/libexec/openjdk.jdk/Contents/Home"/>
    <property name="file.separator" value="/"/>
    <property name="basedir" value="/Users/takahashi/git/spring.ksk318.me"/>
    <property name="java.vm.compressedOopsMode" value="Zero based"/>
    <property name="line.separator" value="&#10;"/>
    <property name="java.vm.specification.vendor" value="Oracle Corporation"/>
    <property name="java.specification.name" value="Java Platform API Specification"/>
    <property name="FILE_LOG_CHARSET" value="UTF-8"/>
    <property name="java.awt.headless" value="true"/>
    <property name="apple.awt.application.name" value="ForkedBooter"/>
    <property name="surefire.real.class.path" value="/Users/takahashi/git/spring.ksk318.me/target/surefire/surefirebooter7070244398656779211.jar"/>
    <property name="sun.management.compiler" value="HotSpot 64-Bit Tiered Compilers"/>
    <property name="ftp.nonProxyHosts" value="local|*.local|169.254/16|*.169.254/16"/>
    <property name="java.runtime.version" value="23"/>
    <property name="user.name" value="takahashi"/>
    <property name="stdout.encoding" value="UTF-8"/>
    <property name="path.separator" value=":"/>
    <property name="os.version" value="14.5"/>
    <property name="java.runtime.name" value="OpenJDK Runtime Environment"/>
    <property name="file.encoding" value="UTF-8"/>
    <property name="java.vm.name" value="OpenJDK 64-Bit Server VM"/>
    <property name="java.vendor.version" value="Homebrew"/>
    <property name="localRepository" value="/Users/takahashi/.m2/repository"/>
    <property name="java.vendor.url.bug" value="https://github.com/Homebrew/homebrew-core/issues"/>
    <property name="java.io.tmpdir" value="/var/folders/dt/chr4mv_x1kd72dn8j5v498q40000gn/T/"/>
    <property name="java.version" value="23"/>
    <property name="user.dir" value="/Users/takahashi/git/spring.ksk318.me"/>
    <property name="os.arch" value="x86_64"/>
    <property name="java.vm.specification.name" value="Java Virtual Machine Specification"/>
    <property name="PID" value="2582"/>
    <property name="CONSOLE_LOG_CHARSET" value="UTF-8"/>
    <property name="native.encoding" value="UTF-8"/>
    <property name="java.library.path" value="/Users/takahashi/Library/Java/Extensions:/Library/Java/Extensions:/Network/Library/Java/Extensions:/System/Library/Java/Extensions:/usr/lib/java:."/>
    <property name="java.vm.info" value="mixed mode, sharing"/>
    <property name="stderr.encoding" value="UTF-8"/>
    <property name="java.vendor" value="Homebrew"/>
    <property name="java.vm.version" value="23"/>
    <property name="sun.io.unicode.encoding" value="UnicodeBig"/>
    <property name="socksNonProxyHosts" value="local|*.local|169.254/16|*.169.254/16"/>
    <property name="java.class.version" value="67.0"/>
  </properties>
  <testcase name="test" classname="org.spring.boot.MySpringBootApplicationTest" time="7.406"/>
</testsuite>